/bin/sh: 1: /usr/bin/node: not found
node:internal/errors:496
    ErrorCaptureStackTrace(err);
    ^

Error [ERR_MODULE_NOT_FOUND]: Cannot find module '/home/brewexec/brewlotto/utils/supabase.js' imported from /home/brewexec/brewlotto/scripts/saveNC.js
    at new NodeError (node:internal/errors:405:5)
    at finalizeResolution (node:internal/modules/esm/resolve:327:11)
    at moduleResolve (node:internal/modules/esm/resolve:980:10)
    at defaultResolve (node:internal/modules/esm/resolve:1193:11)
    at ModuleLoader.defaultResolve (node:internal/modules/esm/loader:403:12)
    at ModuleLoader.resolve (node:internal/modules/esm/loader:372:25)
    at ModuleLoader.getModuleJob (node:internal/modules/esm/loader:249:38)
    at ModuleWrap.<anonymous> (node:internal/modules/esm/module_job:76:39)
    at link (node:internal/modules/esm/module_job:75:36) {
  url: 'file:///home/brewexec/brewlotto/utils/supabase.js',
  code: 'ERR_MODULE_NOT_FOUND'
}

Node.js v18.19.1
node:internal/errors:496
    ErrorCaptureStackTrace(err);
    ^

Error [ERR_MODULE_NOT_FOUND]: Cannot find module '/home/brewexec/brewlotto/utils/supabase.js' imported from /home/brewexec/brewlotto/scripts/saveNC.js
    at new NodeError (node:internal/errors:405:5)
    at finalizeResolution (node:internal/modules/esm/resolve:327:11)
    at moduleResolve (node:internal/modules/esm/resolve:980:10)
    at defaultResolve (node:internal/modules/esm/resolve:1193:11)
    at ModuleLoader.defaultResolve (node:internal/modules/esm/loader:403:12)
    at ModuleLoader.resolve (node:internal/modules/esm/loader:372:25)
    at ModuleLoader.getModuleJob (node:internal/modules/esm/loader:249:38)
    at ModuleWrap.<anonymous> (node:internal/modules/esm/module_job:76:39)
    at link (node:internal/modules/esm/module_job:75:36) {
  url: 'file:///home/brewexec/brewlotto/utils/supabase.js',
  code: 'ERR_MODULE_NOT_FOUND'
}

Node.js v18.19.1
node:internal/errors:496
    ErrorCaptureStackTrace(err);
    ^

Error [ERR_MODULE_NOT_FOUND]: Cannot find module '/home/brewexec/brewlotto/utils/supabase.js' imported from /home/brewexec/brewlotto/scripts/saveNC.js
    at new NodeError (node:internal/errors:405:5)
    at finalizeResolution (node:internal/modules/esm/resolve:327:11)
    at moduleResolve (node:internal/modules/esm/resolve:980:10)
    at defaultResolve (node:internal/modules/esm/resolve:1193:11)
    at ModuleLoader.defaultResolve (node:internal/modules/esm/loader:403:12)
    at ModuleLoader.resolve (node:internal/modules/esm/loader:372:25)
    at ModuleLoader.getModuleJob (node:internal/modules/esm/loader:249:38)
    at ModuleWrap.<anonymous> (node:internal/modules/esm/module_job:76:39)
    at link (node:internal/modules/esm/module_job:75:36) {
  url: 'file:///home/brewexec/brewlotto/utils/supabase.js',
  code: 'ERR_MODULE_NOT_FOUND'
}

Node.js v18.19.1
node:internal/errors:496
    ErrorCaptureStackTrace(err);
    ^

Error [ERR_MODULE_NOT_FOUND]: Cannot find module '/home/brewexec/brewlotto/utils/supabase.js' imported from /home/brewexec/brewlotto/scripts/saveNC.js
    at new NodeError (node:internal/errors:405:5)
    at finalizeResolution (node:internal/modules/esm/resolve:327:11)
    at moduleResolve (node:internal/modules/esm/resolve:980:10)
    at defaultResolve (node:internal/modules/esm/resolve:1193:11)
    at ModuleLoader.defaultResolve (node:internal/modules/esm/loader:403:12)
    at ModuleLoader.resolve (node:internal/modules/esm/loader:372:25)
    at ModuleLoader.getModuleJob (node:internal/modules/esm/loader:249:38)
    at ModuleWrap.<anonymous> (node:internal/modules/esm/module_job:76:39)
    at link (node:internal/modules/esm/module_job:75:36) {
  url: 'file:///home/brewexec/brewlotto/utils/supabase.js',
  code: 'ERR_MODULE_NOT_FOUND'
}

Node.js v18.19.1
node:internal/errors:496
    ErrorCaptureStackTrace(err);
    ^

Error [ERR_MODULE_NOT_FOUND]: Cannot find module '/home/brewexec/brewlotto/utils/supabase.js' imported from /home/brewexec/brewlotto/scripts/saveNC.js
    at new NodeError (node:internal/errors:405:5)
    at finalizeResolution (node:internal/modules/esm/resolve:327:11)
    at moduleResolve (node:internal/modules/esm/resolve:980:10)
    at defaultResolve (node:internal/modules/esm/resolve:1193:11)
    at ModuleLoader.defaultResolve (node:internal/modules/esm/loader:403:12)
    at ModuleLoader.resolve (node:internal/modules/esm/loader:372:25)
    at ModuleLoader.getModuleJob (node:internal/modules/esm/loader:249:38)
    at ModuleWrap.<anonymous> (node:internal/modules/esm/module_job:76:39)
    at link (node:internal/modules/esm/module_job:75:36) {
  url: 'file:///home/brewexec/brewlotto/utils/supabase.js',
  code: 'ERR_MODULE_NOT_FOUND'
}

Node.js v18.19.1
node:internal/errors:496
    ErrorCaptureStackTrace(err);
    ^

Error [ERR_MODULE_NOT_FOUND]: Cannot find module '/home/brewexec/brewlotto/utils/supabase.js' imported from /home/brewexec/brewlotto/scripts/saveNC.js
    at new NodeError (node:internal/errors:405:5)
    at finalizeResolution (node:internal/modules/esm/resolve:327:11)
    at moduleResolve (node:internal/modules/esm/resolve:980:10)
    at defaultResolve (node:internal/modules/esm/resolve:1193:11)
    at ModuleLoader.defaultResolve (node:internal/modules/esm/loader:403:12)
    at ModuleLoader.resolve (node:internal/modules/esm/loader:372:25)
    at ModuleLoader.getModuleJob (node:internal/modules/esm/loader:249:38)
    at ModuleWrap.<anonymous> (node:internal/modules/esm/module_job:76:39)
    at link (node:internal/modules/esm/module_job:75:36) {
  url: 'file:///home/brewexec/brewlotto/utils/supabase.js',
  code: 'ERR_MODULE_NOT_FOUND'
}

Node.js v18.19.1
node:internal/modules/esm/resolve:275
    throw new ERR_MODULE_NOT_FOUND(
          ^

Error [ERR_MODULE_NOT_FOUND]: Cannot find module '/home/brewexec/brewlotto/utils/supabase.js' imported from /home/brewexec/brewlotto/scripts/saveNC.js
    at finalizeResolution (node:internal/modules/esm/resolve:275:11)
    at moduleResolve (node:internal/modules/esm/resolve:860:10)
    at defaultResolve (node:internal/modules/esm/resolve:984:11)
    at ModuleLoader.defaultResolve (node:internal/modules/esm/loader:780:12)
    at #cachedDefaultResolve (node:internal/modules/esm/loader:704:25)
    at ModuleLoader.resolve (node:internal/modules/esm/loader:687:38)
    at ModuleLoader.getModuleJobForImport (node:internal/modules/esm/loader:305:38)
    at ModuleJob._link (node:internal/modules/esm/module_job:175:49) {
  code: 'ERR_MODULE_NOT_FOUND',
  url: 'file:///home/brewexec/brewlotto/utils/supabase.js'
}

Node.js v22.17.0
